{"uuid":"98182920-74df-4478-a5a0-e7918fb9993a","historyId":"3de483f9642729405f9f2aba3f5eab11","fullName":"tests.replenishform.ReplenishFormTest.testIsButtonClickable","labels":[{"name":"package","value":"tests.replenishform.ReplenishFormTest"},{"name":"testClass","value":"tests.replenishform.ReplenishFormTest"},{"name":"testMethod","value":"testIsButtonClickable"},{"name":"parentSuite","value":"Default Suite"},{"name":"suite","value":"traineeAQA"},{"name":"subSuite","value":"tests.replenishform.ReplenishFormTest"},{"name":"host","value":"DESKTOP-0ELLS64"},{"name":"thread","value":"2992@DESKTOP-0ELLS64.main(1)"},{"name":"framework","value":"testng"},{"name":"language","value":"java"}],"links":[],"name":"testIsButtonClickable","status":"failed","statusDetails":{"known":false,"muted":false,"flaky":false,"message":"Unexpected exception thrown: java.lang.ClassCastException: class org.openqa.selenium.By$ByCssSelector cannot be cast to class org.openqa.selenium.WebElement (org.openqa.selenium.By$ByCssSelector and org.openqa.selenium.WebElement are in unnamed module of loader 'app')","trace":"org.opentest4j.AssertionFailedError: Unexpected exception thrown: java.lang.ClassCastException: class org.openqa.selenium.By$ByCssSelector cannot be cast to class org.openqa.selenium.WebElement (org.openqa.selenium.By$ByCssSelector and org.openqa.selenium.WebElement are in unnamed module of loader 'app')\r\n\tat org.junit.jupiter.api.AssertionFailureBuilder.build(AssertionFailureBuilder.java:152)\r\n\tat org.junit.jupiter.api.AssertDoesNotThrow.createAssertionFailedError(AssertDoesNotThrow.java:84)\r\n\tat org.junit.jupiter.api.AssertDoesNotThrow.assertDoesNotThrow(AssertDoesNotThrow.java:53)\r\n\tat org.junit.jupiter.api.AssertDoesNotThrow.assertDoesNotThrow(AssertDoesNotThrow.java:36)\r\n\tat org.junit.jupiter.api.Assertions.assertDoesNotThrow(Assertions.java:3199)\r\n\tat pages.mts_replenish.MTSReplenishPage.toFillFormAndClick(MTSReplenishPage.java:63)\r\n\tat tests.replenishform.ReplenishFormTest.testIsButtonClickable(ReplenishFormTest.java:30)\r\n\tat java.base/jdk.internal.reflect.NativeMethodAccessorImpl.invoke0(Native Method)\r\n\tat java.base/jdk.internal.reflect.NativeMethodAccessorImpl.invoke(NativeMethodAccessorImpl.java:62)\r\n\tat java.base/jdk.internal.reflect.DelegatingMethodAccessorImpl.invoke(DelegatingMethodAccessorImpl.java:43)\r\n\tat java.base/java.lang.reflect.Method.invoke(Method.java:566)\r\n\tat org.testng.internal.invokers.MethodInvocationHelper.invokeMethod(MethodInvocationHelper.java:141)\r\n\tat org.testng.internal.invokers.TestInvoker.invokeMethod(TestInvoker.java:686)\r\n\tat org.testng.internal.invokers.TestInvoker.invokeTestMethod(TestInvoker.java:230)\r\n\tat org.testng.internal.invokers.MethodRunner.runInSequence(MethodRunner.java:63)\r\n\tat org.testng.internal.invokers.TestInvoker$MethodInvocationAgent.invoke(TestInvoker.java:992)\r\n\tat org.testng.internal.invokers.TestInvoker.invokeTestMethods(TestInvoker.java:203)\r\n\tat org.testng.internal.invokers.TestMethodWorker.invokeTestMethods(TestMethodWorker.java:154)\r\n\tat org.testng.internal.invokers.TestMethodWorker.run(TestMethodWorker.java:134)\r\n\tat java.base/java.util.ArrayList.forEach(ArrayList.java:1541)\r\n\tat org.testng.TestRunner.privateRun(TestRunner.java:739)\r\n\tat org.testng.TestRunner.run(TestRunner.java:614)\r\n\tat org.testng.SuiteRunner.runTest(SuiteRunner.java:421)\r\n\tat org.testng.SuiteRunner.runSequentially(SuiteRunner.java:413)\r\n\tat org.testng.SuiteRunner.privateRun(SuiteRunner.java:373)\r\n\tat org.testng.SuiteRunner.run(SuiteRunner.java:312)\r\n\tat org.testng.SuiteRunnerWorker.runSuite(SuiteRunnerWorker.java:52)\r\n\tat org.testng.SuiteRunnerWorker.run(SuiteRunnerWorker.java:95)\r\n\tat org.testng.TestNG.runSuitesSequentially(TestNG.java:1274)\r\n\tat org.testng.TestNG.runSuitesLocally(TestNG.java:1208)\r\n\tat org.testng.TestNG.runSuites(TestNG.java:1112)\r\n\tat org.testng.TestNG.run(TestNG.java:1079)\r\n\tat com.intellij.rt.testng.IDEARemoteTestNG.run(IDEARemoteTestNG.java:65)\r\n\tat com.intellij.rt.testng.RemoteTestNGStarter.main(RemoteTestNGStarter.java:105)\r\nCaused by: java.lang.ClassCastException: class org.openqa.selenium.By$ByCssSelector cannot be cast to class org.openqa.selenium.WebElement (org.openqa.selenium.By$ByCssSelector and org.openqa.selenium.WebElement are in unnamed module of loader 'app')\r\n\tat pages.mts_replenish.MTSReplenishPage.lambda$toFillFormAndClick$1(MTSReplenishPage.java:64)\r\n\tat org.junit.jupiter.api.AssertDoesNotThrow.assertDoesNotThrow(AssertDoesNotThrow.java:49)\r\n\t... 31 more\r\n"},"stage":"finished","steps":[],"attachments":[],"parameters":[],"start":1725537359881,"stop":1725537368305}